2020-06-05 08:47:36 [info_log] info: [0mGET / [36m304[0m 7.159 ms - -[0m

2020-06-05 08:47:36 [info_log] info: [0mGET /style.css [36m304[0m 1.851 ms - -[0m

2020-06-05 08:47:36 [info_log] info: [0mGET /dist/bundle.js [36m304[0m 2.532 ms - -[0m

2020-06-05 08:47:36 [info_log] info: [0mGET /index.css [36m304[0m 2.216 ms - -[0m

2020-06-05 08:47:36 [info_log] info: [0mGET /reset.css [36m304[0m 2.112 ms - -[0m

2020-06-05 08:47:36 [info_log] info: [0mGET /estimate.css [36m304[0m 2.639 ms - -[0m

2020-06-05 08:47:36 [info_log] info: [0mGET /register.css [36m304[0m 3.336 ms - -[0m

2020-06-05 08:47:36 [info_log] info: [0mGET /dist/bundle.js.map [36m304[0m 0.516 ms - -[0m

2020-06-05 08:47:55 [info_log] info: [0mGET / [36m304[0m 7.233 ms - -[0m

2020-06-05 08:47:55 [info_log] info: [0mGET /style.css [36m304[0m 3.781 ms - -[0m

2020-06-05 08:47:55 [info_log] info: [0mGET /dist/bundle.js [36m304[0m 0.645 ms - -[0m

2020-06-05 08:47:55 [info_log] info: [0mGET /index.css [36m304[0m 2.527 ms - -[0m

2020-06-05 08:47:55 [info_log] info: [0mGET /reset.css [36m304[0m 2.145 ms - -[0m

2020-06-05 08:47:55 [info_log] info: [0mGET /estimate.css [36m304[0m 2.144 ms - -[0m

2020-06-05 08:47:55 [info_log] info: [0mGET /register.css [36m304[0m 2.059 ms - -[0m

2020-06-05 08:47:55 [info_log] info: [0mGET /dist/bundle.js.map [36m304[0m 0.913 ms - -[0m

2020-06-05 08:47:55 [info_log] info: [0mGET /estimate [36m304[0m 1.838 ms - -[0m

2020-06-05 08:47:55 [info_log] info: [0mGET /style.css [36m304[0m 0.909 ms - -[0m

2020-06-05 08:47:55 [info_log] info: [0mGET /dist/bundle.js [36m304[0m 0.699 ms - -[0m

2020-06-05 08:47:55 [info_log] info: [0mGET /index.css [36m304[0m 1.481 ms - -[0m

2020-06-05 08:47:55 [info_log] info: [0mGET /reset.css [36m304[0m 1.407 ms - -[0m

2020-06-05 08:47:55 [info_log] info: [0mGET /estimate.css [36m304[0m 1.327 ms - -[0m

2020-06-05 08:47:55 [info_log] info: [0mGET /register.css [36m304[0m 1.230 ms - -[0m

2020-06-05 08:47:55 [info_log] info: [0mGET /dist/bundle.js.map [36m304[0m 0.639 ms - -[0m

2020-06-05 08:47:55 [info_log] info: [0mGET /dist/bundle.js.map [36m304[0m 0.509 ms - -[0m

2020-06-05 08:47:55 [info_log] info: [0mGET / [36m304[0m 1.168 ms - -[0m

2020-06-05 08:47:55 [info_log] info: [0mGET /style.css [36m304[0m 1.052 ms - -[0m

2020-06-05 08:47:55 [info_log] info: [0mGET /dist/bundle.js [36m304[0m 0.470 ms - -[0m

2020-06-05 08:47:55 [info_log] info: [0mGET /index.css [36m304[0m 1.942 ms - -[0m

2020-06-05 08:47:55 [info_log] info: [0mGET /reset.css [36m304[0m 3.249 ms - -[0m

2020-06-05 08:47:55 [info_log] info: [0mGET /estimate.css [36m304[0m 2.473 ms - -[0m

2020-06-05 08:47:55 [info_log] info: [0mGET /register.css [36m304[0m 2.649 ms - -[0m

2020-06-05 08:47:55 [info_log] info: [0mGET /dist/bundle.js.map [36m304[0m 0.600 ms - -[0m

2020-06-05 08:47:55 [info_log] info: [0mGET /estimate [36m304[0m 1.278 ms - -[0m

2020-06-05 08:47:55 [info_log] info: [0mGET /style.css [36m304[0m 0.625 ms - -[0m

2020-06-05 08:47:55 [info_log] info: [0mGET /dist/bundle.js [36m304[0m 0.689 ms - -[0m

2020-06-05 08:47:55 [info_log] info: [0mGET /index.css [36m304[0m 1.681 ms - -[0m

2020-06-05 08:47:55 [info_log] info: [0mGET /reset.css [36m304[0m 0.946 ms - -[0m

2020-06-05 08:47:55 [info_log] info: [0mGET /estimate.css [36m304[0m 1.639 ms - -[0m

2020-06-05 08:47:55 [info_log] info: [0mGET /register.css [36m304[0m 1.429 ms - -[0m

2020-06-05 08:47:55 [info_log] info: [0mGET /dist/bundle.js.map [36m304[0m 0.391 ms - -[0m

2020-06-05 08:47:55 [info_log] info: [0mGET /dist/bundle.js.map [36m304[0m 0.584 ms - -[0m

2020-06-05 08:47:55 [info_log] info: [0mGET /register_previous [36m304[0m 1.982 ms - -[0m

2020-06-05 08:47:55 [info_log] info: [0mGET /style.css [36m304[0m 0.635 ms - -[0m

2020-06-05 08:47:55 [info_log] info: [0mGET /dist/bundle.js [36m304[0m 1.385 ms - -[0m

2020-06-05 08:47:55 [info_log] info: [0mGET /index.css [36m304[0m 1.416 ms - -[0m

2020-06-05 08:47:55 [info_log] info: [0mGET /reset.css [36m304[0m 1.366 ms - -[0m

2020-06-05 08:47:55 [info_log] info: [0mGET /estimate.css [36m304[0m 1.239 ms - -[0m

2020-06-05 08:47:55 [info_log] info: [0mGET /register.css [36m304[0m 1.324 ms - -[0m

2020-06-05 08:47:55 [info_log] info: [0mGET /dist/bundle.js.map [36m304[0m 0.481 ms - -[0m

2020-06-05 08:47:55 [info_log] info: [0mGET /auth/register/common [36m304[0m 1.808 ms - -[0m

2020-06-05 08:47:55 [info_log] info: [0mGET /style.css [36m304[0m 0.871 ms - -[0m

2020-06-05 08:47:55 [info_log] info: [0mGET /dist/bundle.js [36m304[0m 0.496 ms - -[0m

2020-06-05 08:47:55 [info_log] info: [0mGET /index.css [36m304[0m 0.732 ms - -[0m

2020-06-05 08:47:55 [info_log] info: [0mGET /reset.css [36m304[0m 1.663 ms - -[0m

2020-06-05 08:47:55 [info_log] info: [0mGET /estimate.css [36m304[0m 2.460 ms - -[0m

2020-06-05 08:47:55 [info_log] info: [0mGET /register.css [36m304[0m 1.656 ms - -[0m

2020-06-05 08:47:55 [info_log] info: [0mGET /dist/bundle.js.map [36m304[0m 0.441 ms - -[0m

2020-06-05 08:47:55 [info_log] info: [0mGET /dist/bundle.js.map [36m304[0m 0.484 ms - -[0m

2020-06-05 08:49:46 [info_log] info: [0mGET /register_previous [36m304[0m 6.685 ms - -[0m

2020-06-05 08:49:46 [info_log] info: [0mGET /style.css [36m304[0m 1.751 ms - -[0m

2020-06-05 08:49:46 [info_log] info: [0mGET /dist/bundle.js [36m304[0m 0.608 ms - -[0m

2020-06-05 08:49:46 [info_log] info: [0mGET /index.css [36m304[0m 3.274 ms - -[0m

2020-06-05 08:49:46 [info_log] info: [0mGET /estimate.css [36m304[0m 1.737 ms - -[0m

2020-06-05 08:49:46 [info_log] info: [0mGET /reset.css [36m304[0m 3.122 ms - -[0m

2020-06-05 08:49:46 [info_log] info: [0mGET /register.css [36m304[0m 2.575 ms - -[0m

2020-06-05 08:49:46 [info_log] info: [0mGET /dist/bundle.js.map [36m304[0m 0.565 ms - -[0m

2020-06-05 09:44:45 [info_log] info: [0mGET / [36m304[0m 7.002 ms - -[0m

2020-06-05 09:44:45 [info_log] info: [0mGET /style.css [36m304[0m 1.632 ms - -[0m

2020-06-05 09:44:45 [info_log] info: [0mGET /dist/bundle.js [33m404[0m 1.462 ms - 21[0m

2020-06-05 09:44:45 [info_log] info: [0mGET /index.css [36m304[0m 2.594 ms - -[0m

2020-06-05 09:44:45 [info_log] info: [0mGET /reset.css [36m304[0m 2.493 ms - -[0m

2020-06-05 09:44:45 [info_log] info: [0mGET /estimate.css [36m304[0m 2.226 ms - -[0m

2020-06-05 09:44:45 [info_log] info: [0mGET /register.css [36m304[0m 3.136 ms - -[0m

2020-06-05 09:44:45 [info_log] info: [0mGET /dist/bundle.js [33m404[0m 0.531 ms - 21[0m

2020-06-05 09:44:45 [info_log] info: [0mGET / [36m304[0m 1.168 ms - -[0m

2020-06-05 09:44:45 [info_log] info: [0mGET /style.css [36m304[0m 1.178 ms - -[0m

2020-06-05 09:44:45 [info_log] info: [0mGET /dist/bundle.js [33m404[0m 1.198 ms - 21[0m

2020-06-05 09:44:45 [info_log] info: [0mGET /index.css [36m304[0m 1.497 ms - -[0m

2020-06-05 09:44:45 [info_log] info: [0mGET /reset.css [36m304[0m 1.430 ms - -[0m

2020-06-05 09:44:45 [info_log] info: [0mGET /estimate.css [36m304[0m 1.061 ms - -[0m

2020-06-05 09:44:45 [info_log] info: [0mGET /register.css [36m304[0m 1.687 ms - -[0m

2020-06-05 09:44:45 [info_log] info: [0mGET /dist/bundle.js [33m404[0m 0.487 ms - 21[0m

2020-06-05 09:44:45 [info_log] info: [0mGET / [32m200[0m 3.579 ms - -[0m

2020-06-05 09:44:45 [info_log] info: [0mGET /style.css [36m304[0m 1.215 ms - -[0m

2020-06-05 09:44:45 [info_log] info: [0mGET /dist/bundle.js [33m404[0m 1.067 ms - 21[0m

2020-06-05 09:44:45 [info_log] info: [0mGET /index.css [36m304[0m 2.360 ms - -[0m

2020-06-05 09:44:45 [info_log] info: [0mGET /reset.css [36m304[0m 1.989 ms - -[0m

2020-06-05 09:44:45 [info_log] info: [0mGET /estimate.css [36m304[0m 1.933 ms - -[0m

2020-06-05 09:44:45 [info_log] info: [0mGET /register.css [36m304[0m 1.781 ms - -[0m

2020-06-05 09:44:45 [info_log] info: [0mGET /dist/bundle.js [33m404[0m 0.794 ms - 21[0m

2020-06-05 09:44:45 [info_log] info: [0mGET / [32m200[0m 1.366 ms - -[0m

2020-06-05 09:44:45 [info_log] info: [0mGET /style.css [36m304[0m 1.536 ms - -[0m

2020-06-05 09:44:45 [info_log] info: [0mGET /dist/bundle.js [33m404[0m 1.232 ms - 21[0m

2020-06-05 09:44:45 [info_log] info: [0mGET /index.css [36m304[0m 1.245 ms - -[0m

2020-06-05 09:44:45 [info_log] info: [0mGET /reset.css [36m304[0m 1.915 ms - -[0m

2020-06-05 09:44:45 [info_log] info: [0mGET /estimate.css [36m304[0m 1.778 ms - -[0m

2020-06-05 09:44:45 [info_log] info: [0mGET /register.css [36m304[0m 1.625 ms - -[0m

2020-06-05 09:44:45 [info_log] info: [0mGET /dist/bundle.js [33m404[0m 0.509 ms - 21[0m

2020-06-05 09:44:45 [info_log] info: [0mGET / [32m200[0m 1.046 ms - -[0m

2020-06-05 09:44:45 [info_log] info: [0mGET /style.css [36m304[0m 1.586 ms - -[0m

2020-06-05 09:44:45 [info_log] info: [0mGET /dist/bundle.js [33m404[0m 1.426 ms - 21[0m

2020-06-05 09:44:45 [info_log] info: [0mGET /index.css [36m304[0m 3.161 ms - -[0m

2020-06-05 09:44:45 [info_log] info: [0mGET /reset.css [36m304[0m 2.152 ms - -[0m

2020-06-05 09:44:45 [info_log] info: [0mGET /estimate.css [36m304[0m 1.321 ms - -[0m

2020-06-05 09:44:45 [info_log] info: [0mGET /register.css [36m304[0m 1.789 ms - -[0m

2020-06-05 09:44:45 [info_log] info: [0mGET /dist/bundle.js [33m404[0m 0.435 ms - 21[0m

2020-06-05 09:46:09 [info_log] info: [0mGET / [36m304[0m 7.254 ms - -[0m

2020-06-05 09:46:09 [info_log] info: [0mGET /style.css [36m304[0m 2.775 ms - -[0m

2020-06-05 09:46:09 [info_log] info: [0mGET /dist/bundle.js [33m404[0m 4.479 ms - 21[0m

2020-06-05 09:46:09 [info_log] info: [0mGET /index.css [36m304[0m 0.646 ms - -[0m

2020-06-05 09:46:09 [info_log] info: [0mGET /reset.css [36m304[0m 2.203 ms - -[0m

2020-06-05 09:46:09 [info_log] info: [0mGET /estimate.css [36m304[0m 2.134 ms - -[0m

2020-06-05 09:46:09 [info_log] info: [0mGET /register.css [36m304[0m 2.897 ms - -[0m

2020-06-05 09:46:09 [info_log] info: [0mGET /dist/bundle.js [33m404[0m 0.766 ms - 21[0m

2020-06-05 09:46:57 [info_log] info: [0mGET / [36m304[0m 7.106 ms - -[0m

2020-06-05 09:46:57 [info_log] info: [0mGET /style.css [36m304[0m 1.763 ms - -[0m

2020-06-05 09:46:57 [info_log] info: [0mGET /dist/bundle.js [33m404[0m 2.083 ms - 21[0m

2020-06-05 09:46:57 [info_log] info: [0mGET /index.css [36m304[0m 5.220 ms - -[0m

2020-06-05 09:46:57 [info_log] info: [0mGET /estimate.css [36m304[0m 1.882 ms - -[0m

2020-06-05 09:46:57 [info_log] info: [0mGET /register.css [36m304[0m 1.842 ms - -[0m

2020-06-05 09:46:57 [info_log] info: [0mGET /reset.css [36m304[0m 2.304 ms - -[0m

2020-06-05 09:46:57 [info_log] info: [0mGET /dist/bundle.js [33m404[0m 0.569 ms - 21[0m

2020-06-05 09:46:57 [info_log] info: [0mGET / [32m200[0m 3.001 ms - -[0m

2020-06-05 09:46:57 [info_log] info: [0mGET /style.css [36m304[0m 2.407 ms - -[0m

2020-06-05 09:46:57 [info_log] info: [0mGET /dist/bundle.js [33m404[0m 1.922 ms - 21[0m

2020-06-05 09:46:57 [info_log] info: [0mGET /index.css [36m304[0m 1.917 ms - -[0m

2020-06-05 09:46:57 [info_log] info: [0mGET /reset.css [36m304[0m 2.342 ms - -[0m

2020-06-05 09:46:57 [info_log] info: [0mGET /estimate.css [36m304[0m 1.762 ms - -[0m

2020-06-05 09:46:57 [info_log] info: [0mGET /register.css [36m304[0m 2.002 ms - -[0m

2020-06-05 09:46:57 [info_log] info: [0mGET /dist/bundle.js [33m404[0m 0.982 ms - 21[0m

2020-06-05 09:46:57 [info_log] info: [0mGET / [32m200[0m 1.476 ms - -[0m

2020-06-05 09:46:57 [info_log] info: [0mGET /dist/bundle.js [33m404[0m 0.721 ms - 21[0m

2020-06-05 09:46:57 [info_log] info: [0mGET /style.css [36m304[0m 1.653 ms - -[0m

2020-06-05 09:46:57 [info_log] info: [0mGET /index.css [36m304[0m 2.338 ms - -[0m

2020-06-05 09:46:57 [info_log] info: [0mGET /reset.css [36m304[0m 2.802 ms - -[0m

2020-06-05 09:46:57 [info_log] info: [0mGET /estimate.css [36m304[0m 2.763 ms - -[0m

2020-06-05 09:46:57 [info_log] info: [0mGET /register.css [36m304[0m 1.624 ms - -[0m

2020-06-05 09:46:57 [info_log] info: [0mGET /dist/bundle.js [33m404[0m 0.517 ms - 21[0m

2020-06-05 09:46:57 [info_log] info: [0mGET / [32m200[0m 1.312 ms - -[0m

2020-06-05 09:46:57 [info_log] info: [0mGET /bundle.js [33m404[0m 0.602 ms - 21[0m

2020-06-05 09:46:57 [info_log] info: [0mGET /style.css [36m304[0m 1.325 ms - -[0m

2020-06-05 09:46:57 [info_log] info: [0mGET /index.css [36m304[0m 1.942 ms - -[0m

2020-06-05 09:46:57 [info_log] info: [0mGET /reset.css [36m304[0m 1.847 ms - -[0m

2020-06-05 09:46:57 [info_log] info: [0mGET /estimate.css [36m304[0m 1.402 ms - -[0m

2020-06-05 09:46:57 [info_log] info: [0mGET /register.css [36m304[0m 1.676 ms - -[0m

2020-06-05 09:46:57 [info_log] info: [0mGET /bundle.js [33m404[0m 0.552 ms - 21[0m

2020-06-05 09:46:57 [info_log] info: [0mGET / [32m200[0m 1.411 ms - -[0m

2020-06-05 09:46:57 [info_log] info: [0mGET /style.css [36m304[0m 2.051 ms - -[0m

2020-06-05 09:46:57 [info_log] info: [0mGET //bundle.js [33m404[0m 1.037 ms - 21[0m

2020-06-05 09:46:57 [info_log] info: [0mGET /index.css [36m304[0m 1.396 ms - -[0m

2020-06-05 09:46:57 [info_log] info: [0mGET /reset.css [36m304[0m 1.338 ms - -[0m

2020-06-05 09:46:57 [info_log] info: [0mGET /estimate.css [36m304[0m 1.284 ms - -[0m

2020-06-05 09:46:57 [info_log] info: [0mGET /register.css [36m304[0m 1.549 ms - -[0m

2020-06-05 09:46:57 [info_log] info: [0mGET //bundle.js [33m404[0m 0.444 ms - 21[0m

2020-06-05 09:46:57 [info_log] info: [0mGET / [32m200[0m 1.336 ms - -[0m

2020-06-05 09:46:57 [info_log] info: [0mGET /style.css [36m304[0m 0.755 ms - -[0m

2020-06-05 09:46:57 [info_log] info: [0mGET /bundle.js [33m404[0m 0.755 ms - 21[0m

2020-06-05 09:46:57 [info_log] info: [0mGET /index.css [36m304[0m 1.931 ms - -[0m

2020-06-05 09:46:57 [info_log] info: [0mGET /reset.css [36m304[0m 0.931 ms - -[0m

2020-06-05 09:46:57 [info_log] info: [0mGET /estimate.css [36m304[0m 1.503 ms - -[0m

2020-06-05 09:46:57 [info_log] info: [0mGET /register.css [36m304[0m 1.744 ms - -[0m

2020-06-05 09:46:57 [info_log] info: [0mGET /bundle.js [33m404[0m 0.427 ms - 21[0m

2020-06-05 09:48:23 [info_log] info: [0mGET / [36m304[0m 7.305 ms - -[0m

2020-06-05 09:48:23 [info_log] info: [0mGET /style.css [36m304[0m 1.749 ms - -[0m

2020-06-05 09:48:23 [info_log] info: [0mGET /bundle.js [33m404[0m 1.658 ms - 21[0m

2020-06-05 09:48:23 [info_log] info: [0mGET /index.css [36m304[0m 2.832 ms - -[0m

2020-06-05 09:48:23 [info_log] info: [0mGET /reset.css [36m304[0m 2.257 ms - -[0m

2020-06-05 09:48:23 [info_log] info: [0mGET /estimate.css [36m304[0m 2.158 ms - -[0m

2020-06-05 09:48:23 [info_log] info: [0mGET /register.css [36m304[0m 2.959 ms - -[0m

2020-06-05 09:48:23 [info_log] info: [0mGET /bundle.js [33m404[0m 0.630 ms - 21[0m

2020-06-05 09:48:23 [info_log] info: [0mGET / [32m200[0m 2.892 ms - -[0m

2020-06-05 09:48:23 [info_log] info: [0mGET /style.css [36m304[0m 0.689 ms - -[0m

2020-06-05 09:48:23 [info_log] info: [0mGET /bundle.js [33m404[0m 0.578 ms - 21[0m

2020-06-05 09:48:23 [info_log] info: [0mGET /index.css [36m304[0m 2.035 ms - -[0m

2020-06-05 09:48:23 [info_log] info: [0mGET /reset.css [36m304[0m 1.965 ms - -[0m

2020-06-05 09:48:23 [info_log] info: [0mGET /estimate.css [36m304[0m 1.559 ms - -[0m

2020-06-05 09:48:23 [info_log] info: [0mGET /register.css [36m304[0m 2.145 ms - -[0m

2020-06-05 09:48:23 [info_log] info: [0mGET /bundle.js [33m404[0m 0.600 ms - 21[0m

2020-06-05 09:48:23 [info_log] info: [0mGET / [36m304[0m 1.265 ms - -[0m

2020-06-05 09:48:23 [info_log] info: [0mGET /style.css [36m304[0m 1.248 ms - -[0m

2020-06-05 09:48:23 [info_log] info: [0mGET /bundle.js [33m404[0m 1.246 ms - 21[0m

2020-06-05 09:48:23 [info_log] info: [0mGET /index.css [36m304[0m 3.257 ms - -[0m

2020-06-05 09:48:23 [info_log] info: [0mGET /reset.css [36m304[0m 3.194 ms - -[0m

2020-06-05 09:48:23 [info_log] info: [0mGET /estimate.css [36m304[0m 2.366 ms - -[0m

2020-06-05 09:48:23 [info_log] info: [0mGET /register.css [36m304[0m 2.017 ms - -[0m

2020-06-05 09:48:23 [info_log] info: [0mGET /bundle.js [33m404[0m 0.519 ms - 21[0m

2020-06-05 09:48:23 [info_log] info: [0mGET / [32m200[0m 1.395 ms - -[0m

2020-06-05 09:48:23 [info_log] info: [0mGET /style.css [36m304[0m 1.226 ms - -[0m

2020-06-05 09:48:23 [info_log] info: [0mGET /bundle.js [33m404[0m 0.722 ms - 21[0m

2020-06-05 09:48:23 [info_log] info: [0mGET /index.css [36m304[0m 1.652 ms - -[0m

2020-06-05 09:48:23 [info_log] info: [0mGET /reset.css [36m304[0m 1.588 ms - -[0m

2020-06-05 09:48:23 [info_log] info: [0mGET /estimate.css [36m304[0m 2.007 ms - -[0m

2020-06-05 09:48:23 [info_log] info: [0mGET /register.css [36m304[0m 1.520 ms - -[0m

2020-06-05 09:48:23 [info_log] info: [0mGET /bundle.js [33m404[0m 1.423 ms - 21[0m

2020-06-05 09:49:42 [info_log] info: [0mGET / [32m200[0m 8.821 ms - -[0m

2020-06-05 09:49:42 [info_log] info: [0mGET /style.css [36m304[0m 1.910 ms - -[0m

2020-06-05 09:49:42 [info_log] info: [0mGET /bundle.js [33m404[0m 1.879 ms - 21[0m

2020-06-05 09:49:42 [info_log] info: [0mGET /index.css [36m304[0m 0.838 ms - -[0m

2020-06-05 09:49:42 [info_log] info: [0mGET /reset.css [36m304[0m 3.162 ms - -[0m

2020-06-05 09:49:42 [info_log] info: [0mGET /estimate.css [36m304[0m 2.553 ms - -[0m

2020-06-05 09:49:42 [info_log] info: [0mGET /register.css [36m304[0m 2.464 ms - -[0m

2020-06-05 09:49:42 [info_log] info: [0mGET /bundle.js [33m404[0m 0.642 ms - 21[0m

2020-06-05 09:49:42 [info_log] info: [0mGET / [36m304[0m 1.260 ms - -[0m

2020-06-05 09:49:42 [info_log] info: [0mGET /style.css [36m304[0m 1.652 ms - -[0m

2020-06-05 09:49:42 [info_log] info: [0mGET /bundle.js [33m404[0m 1.516 ms - 21[0m

2020-06-05 09:49:42 [info_log] info: [0mGET /index.css [36m304[0m 1.991 ms - -[0m

2020-06-05 09:49:42 [info_log] info: [0mGET /reset.css [36m304[0m 1.928 ms - -[0m

2020-06-05 09:49:42 [info_log] info: [0mGET /estimate.css [36m304[0m 1.858 ms - -[0m

2020-06-05 09:49:42 [info_log] info: [0mGET /register.css [36m304[0m 1.707 ms - -[0m

2020-06-05 09:49:42 [info_log] info: [0mGET /bundle.js [33m404[0m 0.644 ms - 21[0m

2020-06-05 09:50:40 [info_log] info: [0mGET / [36m304[0m 6.866 ms - -[0m

2020-06-05 09:50:40 [info_log] info: [0mGET /style.css [36m304[0m 1.723 ms - -[0m

2020-06-05 09:50:40 [info_log] info: [0mGET /bundle.js [32m200[0m 2.164 ms - 5989[0m

2020-06-05 09:50:40 [info_log] info: [0mGET /index.css [36m304[0m 2.589 ms - -[0m

2020-06-05 09:50:40 [info_log] info: [0mGET /reset.css [36m304[0m 2.487 ms - -[0m

2020-06-05 09:50:40 [info_log] info: [0mGET /estimate.css [36m304[0m 2.590 ms - -[0m

2020-06-05 09:50:40 [info_log] info: [0mGET /register.css [36m304[0m 2.982 ms - -[0m

2020-06-05 09:50:40 [info_log] info: [0mGET /bundle.js.map [32m200[0m 0.667 ms - 5470[0m

2020-06-05 09:51:02 [info_log] info: [0mGET / [36m304[0m 6.520 ms - -[0m

2020-06-05 09:51:02 [info_log] info: [0mGET /style.css [36m304[0m 1.802 ms - -[0m

2020-06-05 09:51:02 [info_log] info: [0mGET /bundle.js [36m304[0m 0.936 ms - -[0m

2020-06-05 09:51:02 [info_log] info: [0mGET /index.css [36m304[0m 2.954 ms - -[0m

2020-06-05 09:51:02 [info_log] info: [0mGET /reset.css [36m304[0m 1.734 ms - -[0m

2020-06-05 09:51:02 [info_log] info: [0mGET /estimate.css [36m304[0m 2.803 ms - -[0m

2020-06-05 09:51:02 [info_log] info: [0mGET /register.css [36m304[0m 3.168 ms - -[0m

2020-06-05 09:51:02 [info_log] info: [0mGET /bundle.js.map [36m304[0m 0.390 ms - -[0m

2020-06-05 09:51:02 [info_log] info: [0mGET /estimate [36m304[0m 1.987 ms - -[0m

2020-06-05 09:51:02 [info_log] info: [0mGET /style.css [36m304[0m 0.925 ms - -[0m

2020-06-05 09:51:02 [info_log] info: [0mGET /dist/bundle.js [33m404[0m 1.333 ms - 21[0m

2020-06-05 09:51:02 [info_log] info: [0mGET /index.css [36m304[0m 2.481 ms - -[0m

2020-06-05 09:51:02 [info_log] info: [0mGET /reset.css [36m304[0m 2.261 ms - -[0m

2020-06-05 09:51:02 [info_log] info: [0mGET /estimate.css [36m304[0m 1.720 ms - -[0m

2020-06-05 09:51:02 [info_log] info: [0mGET /register.css [36m304[0m 1.768 ms - -[0m

2020-06-05 09:51:02 [info_log] info: [0mGET /dist/bundle.js [33m404[0m 0.586 ms - 21[0m

2020-06-05 09:51:02 [info_log] info: [0mGET /bundle.js.map [36m304[0m 0.436 ms - -[0m

2020-06-05 09:51:02 [info_log] info: [0mGET /register_previous [36m304[0m 1.224 ms - -[0m

2020-06-05 09:51:02 [info_log] info: [0mGET /style.css [36m304[0m 0.809 ms - -[0m

2020-06-05 09:51:02 [info_log] info: [0mGET /dist/bundle.js [33m404[0m 0.529 ms - 21[0m

2020-06-05 09:51:02 [info_log] info: [0mGET /index.css [36m304[0m 1.413 ms - -[0m

2020-06-05 09:51:02 [info_log] info: [0mGET /reset.css [36m304[0m 1.762 ms - -[0m

2020-06-05 09:51:02 [info_log] info: [0mGET /estimate.css [36m304[0m 1.261 ms - -[0m

2020-06-05 09:51:02 [info_log] info: [0mGET /register.css [36m304[0m 1.458 ms - -[0m

2020-06-05 09:51:02 [info_log] info: [0mGET /dist/bundle.js [33m404[0m 0.451 ms - 21[0m

2020-06-05 09:51:02 [info_log] info: [0mGET /register_previous [36m304[0m 1.094 ms - -[0m

2020-06-05 09:51:02 [info_log] info: [0mGET /style.css [36m304[0m 0.714 ms - -[0m

2020-06-05 09:51:02 [info_log] info: [0mGET /dist/bundle.js [33m404[0m 1.579 ms - 21[0m

2020-06-05 09:51:02 [info_log] info: [0mGET /index.css [36m304[0m 0.441 ms - -[0m

2020-06-05 09:51:02 [info_log] info: [0mGET /reset.css [36m304[0m 1.389 ms - -[0m

2020-06-05 09:51:02 [info_log] info: [0mGET /estimate.css [36m304[0m 1.681 ms - -[0m

2020-06-05 09:51:02 [info_log] info: [0mGET /register.css [36m304[0m 1.309 ms - -[0m

2020-06-05 09:51:02 [info_log] info: [0mGET /dist/bundle.js [33m404[0m 0.524 ms - 21[0m

2020-06-05 09:51:02 [info_log] info: [0mGET /register_previous [32m200[0m 2.484 ms - -[0m

2020-06-05 09:51:02 [info_log] info: [0mGET /style.css [36m304[0m 0.734 ms - -[0m

2020-06-05 09:51:02 [info_log] info: [0mGET /bundle.js [36m304[0m 0.519 ms - -[0m

2020-06-05 09:51:02 [info_log] info: [0mGET /index.css [36m304[0m 1.730 ms - -[0m

2020-06-05 09:51:02 [info_log] info: [0mGET /reset.css [36m304[0m 1.645 ms - -[0m

2020-06-05 09:51:02 [info_log] info: [0mGET /estimate.css [36m304[0m 1.688 ms - -[0m

2020-06-05 09:51:02 [info_log] info: [0mGET /register.css [36m304[0m 1.595 ms - -[0m

2020-06-05 09:51:02 [info_log] info: [0mGET /bundle.js.map [36m304[0m 0.523 ms - -[0m

2020-06-05 09:51:02 [info_log] info: [0mGET /auth/register/common [32m200[0m 2.903 ms - -[0m

2020-06-05 09:51:02 [info_log] info: [0mGET /style.css [36m304[0m 0.656 ms - -[0m

2020-06-05 09:51:02 [info_log] info: [0mGET /bundle.js [36m304[0m 0.913 ms - -[0m

2020-06-05 09:51:02 [info_log] info: [0mGET /index.css [36m304[0m 1.582 ms - -[0m

2020-06-05 09:51:02 [info_log] info: [0mGET /reset.css [36m304[0m 1.266 ms - -[0m

2020-06-05 09:51:02 [info_log] info: [0mGET /estimate.css [36m304[0m 1.647 ms - -[0m

2020-06-05 09:51:02 [info_log] info: [0mGET /register.css [36m304[0m 1.616 ms - -[0m

2020-06-05 09:51:02 [info_log] info: [0mGET /bundle.js.map [36m304[0m 0.370 ms - -[0m

2020-06-05 09:51:02 [info_log] info: [0mGET /auth/register/common [36m304[0m 1.057 ms - -[0m

2020-06-05 09:51:02 [info_log] info: [0mGET /style.css [36m304[0m 0.587 ms - -[0m

2020-06-05 09:51:02 [info_log] info: [0mGET /bundle.js [36m304[0m 0.677 ms - -[0m

2020-06-05 09:51:02 [info_log] info: [0mGET /index.css [36m304[0m 1.045 ms - -[0m

2020-06-05 09:51:02 [info_log] info: [0mGET /reset.css [36m304[0m 1.823 ms - -[0m

2020-06-05 09:51:02 [info_log] info: [0mGET /estimate.css [36m304[0m 1.536 ms - -[0m

2020-06-05 09:51:02 [info_log] info: [0mGET /register.css [36m304[0m 1.970 ms - -[0m

2020-06-05 09:51:02 [info_log] info: [0mGET /bundle.js.map [36m304[0m 0.327 ms - -[0m

2020-06-05 09:51:02 [info_log] info: [0mGET /auth/register/common [36m304[0m 0.961 ms - -[0m

2020-06-05 09:51:02 [info_log] info: [0mGET /style.css [36m304[0m 0.454 ms - -[0m

2020-06-05 09:51:02 [info_log] info: [0mGET /bundle.js [36m304[0m 0.467 ms - -[0m

2020-06-05 09:51:02 [info_log] info: [0mGET /index.css [36m304[0m 1.511 ms - -[0m

2020-06-05 09:51:02 [info_log] info: [0mGET /reset.css [36m304[0m 1.586 ms - -[0m

2020-06-05 09:51:02 [info_log] info: [0mGET /estimate.css [36m304[0m 1.813 ms - -[0m

2020-06-05 09:51:02 [info_log] info: [0mGET /register.css [36m304[0m 1.105 ms - -[0m

2020-06-05 09:51:02 [info_log] info: [0mGET /bundle.js.map [36m304[0m 1.561 ms - -[0m

2020-06-05 09:51:02 [info_log] info: [0mGET /auth/register/common [32m200[0m 1.216 ms - -[0m

2020-06-05 09:51:02 [info_log] info: [0mGET /style.css [36m304[0m 0.502 ms - -[0m

2020-06-05 09:51:02 [info_log] info: [0mGET /auth/register/bundle.js [32m200[0m 3.501 ms - 704[0m

2020-06-05 09:51:02 [info_log] info: [0mGET /index.css [36m304[0m 0.866 ms - -[0m

2020-06-05 09:51:02 [info_log] info: [0mGET /reset.css [36m304[0m 1.262 ms - -[0m

2020-06-05 09:51:02 [info_log] info: [0mGET /estimate.css [36m304[0m 2.120 ms - -[0m

2020-06-05 09:51:02 [info_log] info: [0mGET /register.css [36m304[0m 2.861 ms - -[0m

2020-06-05 09:51:02 [info_log] info: [0mGET /auth/register/common [36m304[0m 1.134 ms - -[0m

2020-06-05 09:51:02 [info_log] info: [0mGET /style.css [36m304[0m 0.646 ms - -[0m

2020-06-05 09:51:02 [info_log] info: [0mGET /auth/register/bundle.js [36m304[0m 1.877 ms - -[0m

2020-06-05 09:51:02 [info_log] info: [0mGET /index.css [36m304[0m 1.300 ms - -[0m

2020-06-05 09:51:02 [info_log] info: [0mGET /reset.css [36m304[0m 1.238 ms - -[0m

2020-06-05 09:51:02 [info_log] info: [0mGET /estimate.css [36m304[0m 1.712 ms - -[0m

2020-06-05 09:51:02 [info_log] info: [0mGET /register.css [36m304[0m 1.198 ms - -[0m

2020-06-05 09:51:02 [info_log] info: [0mGET /bundle.js.map [36m304[0m 0.378 ms - -[0m

2020-06-05 09:51:02 [info_log] info: [0mGET /auth/register/common [36m304[0m 0.863 ms - -[0m

2020-06-05 09:51:02 [info_log] info: [0mGET /style.css [36m304[0m 0.455 ms - -[0m

2020-06-05 09:51:02 [info_log] info: [0mGET /auth/register/bundle.js [36m304[0m 0.933 ms - -[0m

2020-06-05 09:51:02 [info_log] info: [0mGET /index.css [36m304[0m 0.481 ms - -[0m

2020-06-05 09:51:02 [info_log] info: [0mGET /reset.css [36m304[0m 2.007 ms - -[0m

2020-06-05 09:51:02 [info_log] info: [0mGET /estimate.css [36m304[0m 1.905 ms - -[0m

2020-06-05 09:51:02 [info_log] info: [0mGET /register.css [36m304[0m 2.068 ms - -[0m

2020-06-05 09:51:02 [info_log] info: [0mGET /auth/register/common [36m304[0m 0.985 ms - -[0m

2020-06-05 09:51:02 [info_log] info: [0mGET /style.css [36m304[0m 0.466 ms - -[0m

2020-06-05 09:51:02 [info_log] info: [0mGET /auth/register/bundle.js [36m304[0m 0.692 ms - -[0m

2020-06-05 09:51:02 [info_log] info: [0mGET /index.css [36m304[0m 1.873 ms - -[0m

2020-06-05 09:51:02 [info_log] info: [0mGET /reset.css [36m304[0m 1.799 ms - -[0m

2020-06-05 09:51:02 [info_log] info: [0mGET /estimate.css [36m304[0m 1.203 ms - -[0m

2020-06-05 09:51:02 [info_log] info: [0mGET /register.css [36m304[0m 1.779 ms - -[0m

2020-06-05 09:51:02 [info_log] info: [0mGET /auth/register/common [36m304[0m 0.831 ms - -[0m

2020-06-05 09:51:02 [info_log] info: [0mGET /style.css [36m304[0m 0.543 ms - -[0m

2020-06-05 09:51:02 [info_log] info: [0mGET /auth/register/bundle.js [36m304[0m 2.495 ms - -[0m

2020-06-05 09:51:02 [info_log] info: [0mGET /index.css [36m304[0m 1.282 ms - -[0m

2020-06-05 09:51:02 [info_log] info: [0mGET /reset.css [36m304[0m 1.698 ms - -[0m

2020-06-05 09:51:02 [info_log] info: [0mGET /estimate.css [36m304[0m 1.658 ms - -[0m

2020-06-05 09:51:02 [info_log] info: [0mGET /register.css [36m304[0m 1.367 ms - -[0m

2020-06-05 09:51:02 [info_log] info: [0mGET /auth/register/common [36m304[0m 0.955 ms - -[0m

2020-06-05 09:51:02 [info_log] info: [0mGET /style.css [36m304[0m 0.563 ms - -[0m

2020-06-05 09:51:02 [info_log] info: [0mGET /auth/register/bundle.js [36m304[0m 0.749 ms - -[0m

2020-06-05 09:51:02 [info_log] info: [0mGET /index.css [36m304[0m 1.704 ms - -[0m

2020-06-05 09:51:02 [info_log] info: [0mGET /reset.css [36m304[0m 1.429 ms - -[0m

2020-06-05 09:51:02 [info_log] info: [0mGET /estimate.css [36m304[0m 1.372 ms - -[0m

2020-06-05 09:51:02 [info_log] info: [0mGET /register.css [36m304[0m 1.618 ms - -[0m

2020-06-05 09:51:02 [info_log] info: [0mGET /auth/register/common [36m304[0m 1.780 ms - -[0m

2020-06-05 09:51:02 [info_log] info: [0mGET /style.css [36m304[0m 0.543 ms - -[0m

2020-06-05 09:51:02 [info_log] info: [0mGET /auth/register/bundle.js [36m304[0m 0.738 ms - -[0m

2020-06-05 09:51:02 [info_log] info: [0mGET /index.css [36m304[0m 1.127 ms - -[0m

2020-06-05 09:51:02 [info_log] info: [0mGET /reset.css [36m304[0m 1.057 ms - -[0m

2020-06-05 09:51:02 [info_log] info: [0mGET /estimate.css [36m304[0m 1.005 ms - -[0m

2020-06-05 09:51:02 [info_log] info: [0mGET /register.css [36m304[0m 1.656 ms - -[0m

2020-06-05 09:51:02 [info_log] info: [0mGET /auth/register/common [36m304[0m 0.924 ms - -[0m

2020-06-05 09:51:02 [info_log] info: [0mGET /style.css [36m304[0m 0.631 ms - -[0m

2020-06-05 09:51:02 [info_log] info: [0mGET /auth/register/bundle.js [36m304[0m 0.742 ms - -[0m

2020-06-05 09:51:02 [info_log] info: [0mGET /index.css [36m304[0m 2.154 ms - -[0m

2020-06-05 09:51:02 [info_log] info: [0mGET /reset.css [36m304[0m 5.718 ms - -[0m

2020-06-05 09:51:02 [info_log] info: [0mGET /estimate.css [36m304[0m 5.860 ms - -[0m

2020-06-05 09:51:02 [info_log] info: [0mGET /register.css [36m304[0m 5.850 ms - -[0m

2020-06-05 09:51:02 [info_log] info: [0mGET /auth/register/common [36m304[0m 0.886 ms - -[0m

2020-06-05 09:51:02 [info_log] info: [0mGET /style.css [36m304[0m 0.661 ms - -[0m

2020-06-05 09:51:02 [info_log] info: [0mGET /auth/register/bundle.js [36m304[0m 1.023 ms - -[0m

2020-06-05 09:51:02 [info_log] info: [0mGET /index.css [36m304[0m 1.209 ms - -[0m

2020-06-05 09:51:02 [info_log] info: [0mGET /reset.css [36m304[0m 1.149 ms - -[0m

2020-06-05 09:51:02 [info_log] info: [0mGET /estimate.css [36m304[0m 1.438 ms - -[0m

2020-06-05 09:51:02 [info_log] info: [0mGET /register.css [36m304[0m 1.245 ms - -[0m

2020-06-05 09:51:02 [info_log] info: [0mGET /auth/register/common [36m304[0m 0.790 ms - -[0m

2020-06-05 09:51:02 [info_log] info: [0mGET /style.css [36m304[0m 0.629 ms - -[0m

2020-06-05 09:51:02 [info_log] info: [0mGET /auth/register/bundle.js [36m304[0m 0.884 ms - -[0m

2020-06-05 09:51:02 [info_log] info: [0mGET /index.css [36m304[0m 1.216 ms - -[0m

2020-06-05 09:51:02 [info_log] info: [0mGET /reset.css [36m304[0m 1.081 ms - -[0m

2020-06-05 09:51:02 [info_log] info: [0mGET /estimate.css [36m304[0m 0.995 ms - -[0m

2020-06-05 09:51:02 [info_log] info: [0mGET /register.css [36m304[0m 1.370 ms - -[0m

2020-06-05 09:51:02 [info_log] info: [0mGET /bundle.js.map [36m304[0m 0.426 ms - -[0m

2020-06-05 09:51:02 [info_log] info: [0mGET /bundle.js.map [36m304[0m 0.351 ms - -[0m

2020-06-05 09:51:02 [info_log] info: [0mGET / [32m200[0m 1.293 ms - -[0m

2020-06-05 09:51:02 [info_log] info: [0mGET /style.css [36m304[0m 0.611 ms - -[0m

2020-06-05 09:51:02 [info_log] info: [0mGET /bundle.js [36m304[0m 2.123 ms - -[0m

2020-06-05 09:51:02 [info_log] info: [0mGET /index.css [36m304[0m 3.013 ms - -[0m

2020-06-05 09:51:02 [info_log] info: [0mGET /reset.css [36m304[0m 2.300 ms - -[0m

2020-06-05 09:51:02 [info_log] info: [0mGET /estimate.css [36m304[0m 1.954 ms - -[0m

2020-06-05 09:51:02 [info_log] info: [0mGET /register.css [36m304[0m 4.254 ms - -[0m

2020-06-05 09:51:02 [info_log] info: [0mGET /bundle.js.map [36m304[0m 0.428 ms - -[0m

2020-06-05 09:51:02 [info_log] info: [0mGET /register_previous [32m200[0m 2.198 ms - -[0m

2020-06-05 09:51:02 [info_log] info: [0mGET /style.css [36m304[0m 0.520 ms - -[0m

2020-06-05 09:51:02 [info_log] info: [0mGET /bundle.js [36m304[0m 0.465 ms - -[0m

2020-06-05 09:51:02 [info_log] info: [0mGET /index.css [36m304[0m 1.231 ms - -[0m

2020-06-05 09:51:02 [info_log] info: [0mGET /reset.css [36m304[0m 1.159 ms - -[0m

2020-06-05 09:51:02 [info_log] info: [0mGET /estimate.css [36m304[0m 1.110 ms - -[0m

2020-06-05 09:51:02 [info_log] info: [0mGET /register.css [36m304[0m 1.524 ms - -[0m

2020-06-05 09:51:02 [info_log] info: [0mGET /bundle.js.map [36m304[0m 0.381 ms - -[0m

2020-06-05 09:51:02 [info_log] info: [0mGET /auth/register/common [32m200[0m 0.962 ms - -[0m

2020-06-05 09:51:02 [info_log] info: [0mGET /style.css [36m304[0m 0.552 ms - -[0m

2020-06-05 09:51:02 [info_log] info: [0mGET /bundle.js [36m304[0m 0.466 ms - -[0m

2020-06-05 09:51:02 [info_log] info: [0mGET /index.css [36m304[0m 1.807 ms - -[0m

2020-06-05 09:51:02 [info_log] info: [0mGET /reset.css [36m304[0m 1.607 ms - -[0m

2020-06-05 09:51:02 [info_log] info: [0mGET /estimate.css [36m304[0m 1.565 ms - -[0m

2020-06-05 09:51:02 [info_log] info: [0mGET /register.css [36m304[0m 1.385 ms - -[0m

2020-06-05 09:51:02 [info_log] info: [0mGET /bundle.js.map [36m304[0m 0.721 ms - -[0m

2020-06-05 09:51:02 [info_log] info: [0mGET /auth/register/common [32m200[0m 0.912 ms - -[0m

2020-06-05 09:51:02 [info_log] info: [0mGET /style.css [36m304[0m 0.592 ms - -[0m

2020-06-05 09:51:02 [info_log] info: [0mGET /auth/register/bundle.js [36m304[0m 0.866 ms - -[0m

2020-06-05 09:51:02 [info_log] info: [0mGET /index.css [36m304[0m 1.348 ms - -[0m

2020-06-05 09:51:02 [info_log] info: [0mGET /reset.css [36m304[0m 1.042 ms - -[0m

2020-06-05 09:51:02 [info_log] info: [0mGET /estimate.css [36m304[0m 1.389 ms - -[0m

2020-06-05 09:51:02 [info_log] info: [0mGET /register.css [36m304[0m 1.571 ms - -[0m

2020-06-05 09:51:02 [info_log] info: [0mGET /auth/register/common [32m200[0m 0.935 ms - -[0m

2020-06-05 09:51:02 [info_log] info: [0mGET /style.css [36m304[0m 0.549 ms - -[0m

2020-06-05 09:51:02 [info_log] info: [0mGET /bundle.js [36m304[0m 0.384 ms - -[0m

2020-06-05 09:51:02 [info_log] info: [0mGET /index.css [36m304[0m 2.149 ms - -[0m

2020-06-05 09:51:02 [info_log] info: [0mGET /reset.css [36m304[0m 2.097 ms - -[0m

2020-06-05 09:51:02 [info_log] info: [0mGET /estimate.css [36m304[0m 1.452 ms - -[0m

2020-06-05 09:51:02 [info_log] info: [0mGET /register.css [36m304[0m 1.249 ms - -[0m

2020-06-05 09:51:02 [info_log] info: [0mGET /bundle.js.map [36m304[0m 0.521 ms - -[0m

2020-06-05 09:57:29 [info_log] info: [0mGET / [36m304[0m 6.737 ms - -[0m

2020-06-05 09:57:29 [info_log] info: [0mGET /style.css [36m304[0m 1.737 ms - -[0m

2020-06-05 09:57:29 [info_log] info: [0mGET /bundle.js [32m200[0m 1.879 ms - 5989[0m

2020-06-05 09:57:29 [info_log] info: [0mGET /index.css [36m304[0m 0.554 ms - -[0m

2020-06-05 09:57:29 [info_log] info: [0mGET /reset.css [36m304[0m 1.921 ms - -[0m

2020-06-05 09:57:29 [info_log] info: [0mGET /estimate.css [36m304[0m 2.805 ms - -[0m

2020-06-05 09:57:29 [info_log] info: [0mGET /register.css [36m304[0m 2.500 ms - -[0m

2020-06-05 09:57:29 [info_log] info: [0mGET /bundle.js.map [36m304[0m 0.505 ms - -[0m

2020-06-05 09:57:29 [info_log] info: [0mGET /register_previous [36m304[0m 1.423 ms - -[0m

2020-06-05 09:57:29 [info_log] info: [0mGET /style.css [36m304[0m 0.548 ms - -[0m

2020-06-05 09:57:29 [info_log] info: [0mGET /bundle.js [36m304[0m 0.546 ms - -[0m

2020-06-05 09:57:29 [info_log] info: [0mGET /index.css [36m304[0m 0.910 ms - -[0m

2020-06-05 09:57:29 [info_log] info: [0mGET /reset.css [36m304[0m 1.293 ms - -[0m

2020-06-05 09:57:29 [info_log] info: [0mGET /estimate.css [36m304[0m 1.795 ms - -[0m

2020-06-05 09:57:29 [info_log] info: [0mGET /register.css [36m304[0m 1.072 ms - -[0m

2020-06-05 09:57:29 [info_log] info: [0mGET /bundle.js.map [36m304[0m 0.409 ms - -[0m

2020-06-05 09:57:29 [info_log] info: [0mGET /auth/register/provide [32m200[0m 2.217 ms - 704[0m

2020-06-05 09:57:29 [info_log] info: [0mGET /style.css [36m304[0m 0.627 ms - -[0m

2020-06-05 09:57:29 [info_log] info: [0mGET /auth/register/bundle.js [36m304[0m 1.030 ms - -[0m

2020-06-05 09:57:29 [info_log] info: [0mGET /index.css [36m304[0m 1.608 ms - -[0m

2020-06-05 09:57:29 [info_log] info: [0mGET /reset.css [36m304[0m 1.540 ms - -[0m

2020-06-05 09:57:29 [info_log] info: [0mGET /estimate.css [36m304[0m 1.180 ms - -[0m

2020-06-05 09:57:29 [info_log] info: [0mGET /register.css [36m304[0m 1.115 ms - -[0m

2020-06-05 09:57:29 [info_log] info: [0mGET /bundle.js.map [36m304[0m 0.624 ms - -[0m

2020-06-05 09:57:29 [info_log] info: [0mGET /auth/register/common [36m304[0m 1.914 ms - -[0m

2020-06-05 09:57:29 [info_log] info: [0mGET /style.css [36m304[0m 0.868 ms - -[0m

2020-06-05 09:57:29 [info_log] info: [0mGET /bundle.js [36m304[0m 0.414 ms - -[0m

2020-06-05 09:57:29 [info_log] info: [0mGET /index.css [36m304[0m 1.163 ms - -[0m

2020-06-05 09:57:29 [info_log] info: [0mGET /reset.css [36m304[0m 1.619 ms - -[0m

2020-06-05 09:57:29 [info_log] info: [0mGET /estimate.css [36m304[0m 1.212 ms - -[0m

2020-06-05 09:57:29 [info_log] info: [0mGET /register.css [36m304[0m 1.020 ms - -[0m

2020-06-05 09:57:29 [info_log] info: [0mGET /bundle.js.map [36m304[0m 0.426 ms - -[0m

2020-06-05 09:57:29 [info_log] info: [0mGET /bundle.js.map [36m304[0m 0.383 ms - -[0m

2020-06-05 09:57:29 [info_log] info: [0mGET /auth/google [36m302[0m 1.306 ms - 0[0m

2020-06-05 09:57:29 [info_log] info: [0mGET /bundle.js.map [36m304[0m 0.318 ms - -[0m

2020-06-05 09:57:29 [info_log] info: [0mGET /auth/google [36m302[0m 0.586 ms - 0[0m

2020-06-05 09:57:29 [info_log] info: [0mGET /bundle.js.map [36m304[0m 0.357 ms - -[0m

2020-06-05 09:57:29 [info_log] info: [0mGET /bundle.js.map [36m304[0m 0.376 ms - -[0m

2020-06-05 10:02:20 [info_log] info: [0mGET / [36m304[0m 6.792 ms - -[0m

2020-06-05 10:02:20 [info_log] info: [0mGET /style.css [36m304[0m 2.059 ms - -[0m

2020-06-05 10:02:20 [info_log] info: [0mGET /bundle.js [33m404[0m 1.898 ms - 21[0m

2020-06-05 10:02:20 [info_log] info: [0mGET /index.css [36m304[0m 2.513 ms - -[0m

2020-06-05 10:02:20 [info_log] info: [0mGET /reset.css [36m304[0m 2.003 ms - -[0m

2020-06-05 10:02:20 [info_log] info: [0mGET /estimate.css [36m304[0m 2.232 ms - -[0m

2020-06-05 10:02:20 [info_log] info: [0mGET /register.css [36m304[0m 2.201 ms - -[0m

2020-06-05 10:02:20 [info_log] info: [0mGET /bundle.js [33m404[0m 0.539 ms - 21[0m

2020-06-05 10:08:14 [info_log] info: [0mGET / [36m304[0m 6.713 ms - -[0m

2020-06-05 10:08:14 [info_log] info: [0mGET /style.css [36m304[0m 2.582 ms - -[0m

2020-06-05 10:08:14 [info_log] info: [0mGET /bundle.js [32m200[0m 1.331 ms - 5989[0m

2020-06-05 10:08:14 [info_log] info: [0mGET /index.css [36m304[0m 1.444 ms - -[0m

2020-06-05 10:08:14 [info_log] info: [0mGET /reset.css [36m304[0m 2.636 ms - -[0m

2020-06-05 10:08:14 [info_log] info: [0mGET /estimate.css [36m304[0m 2.398 ms - -[0m

2020-06-05 10:08:14 [info_log] info: [0mGET /register.css [36m304[0m 2.352 ms - -[0m

2020-06-05 10:08:14 [info_log] info: [0mGET /bundle.js.map [36m304[0m 0.494 ms - -[0m

2020-06-05 10:08:14 [info_log] info: [0mGET /estimate [32m200[0m 4.198 ms - -[0m

2020-06-05 10:08:14 [info_log] info: [0mGET /style.css [36m304[0m 0.636 ms - -[0m

2020-06-05 10:08:14 [info_log] info: [0mGET /bundle.js [36m304[0m 0.467 ms - -[0m

2020-06-05 10:08:14 [info_log] info: [0mGET /index.css [36m304[0m 1.406 ms - -[0m

2020-06-05 10:08:14 [info_log] info: [0mGET /reset.css [36m304[0m 1.842 ms - -[0m

2020-06-05 10:08:14 [info_log] info: [0mGET /estimate.css [36m304[0m 2.144 ms - -[0m

2020-06-05 10:08:14 [info_log] info: [0mGET /register.css [36m304[0m 1.112 ms - -[0m

2020-06-05 10:08:14 [info_log] info: [0mGET /bundle.js.map [36m304[0m 0.508 ms - -[0m

2020-06-05 10:08:14 [info_log] info: [0mGET /bundle.js.map [36m304[0m 0.558 ms - -[0m

2020-06-05 10:30:25 [info_log] info: [0mGET /auth/register/provide [36m304[0m 6.694 ms - -[0m

2020-06-05 10:30:25 [info_log] info: [0mGET /style.css [36m304[0m 1.611 ms - -[0m

2020-06-05 10:30:25 [info_log] info: [0mGET /bundle.js [36m304[0m 1.636 ms - -[0m

2020-06-05 10:30:25 [info_log] info: [0mGET /index.css [36m304[0m 1.863 ms - -[0m

2020-06-05 10:30:25 [info_log] info: [0mGET /reset.css [36m304[0m 1.788 ms - -[0m

2020-06-05 10:30:25 [info_log] info: [0mGET /estimate.css [36m304[0m 1.848 ms - -[0m

2020-06-05 10:30:25 [info_log] info: [0mGET /register.css [36m304[0m 2.159 ms - -[0m

2020-06-05 10:30:25 [info_log] info: [0mGET /style.css [36m304[0m 3.047 ms - -[0m

2020-06-05 10:30:25 [info_log] info: [0mGET /index.css [36m304[0m 2.478 ms - -[0m

2020-06-05 10:30:25 [info_log] info: [0mGET /reset.css [36m304[0m 3.026 ms - -[0m

2020-06-05 10:30:25 [info_log] info: [0mGET /estimate.css [36m304[0m 3.021 ms - -[0m

2020-06-05 10:30:25 [info_log] info: [0mGET /register.css [36m304[0m 1.648 ms - -[0m

2020-06-05 10:30:25 [info_log] info: [0mGET /bundle.js.map [36m304[0m 0.399 ms - -[0m

2020-06-05 10:30:25 [info_log] info: [0mGET /register_previous [36m304[0m 1.709 ms - -[0m

2020-06-05 10:30:25 [info_log] info: [0mGET /style.css [36m304[0m 0.604 ms - -[0m

2020-06-05 10:30:25 [info_log] info: [0mGET /bundle.js [36m304[0m 0.758 ms - -[0m

2020-06-05 10:30:25 [info_log] info: [0mGET /index.css [36m304[0m 0.515 ms - -[0m

2020-06-05 10:30:25 [info_log] info: [0mGET /reset.css [36m304[0m 1.711 ms - -[0m

2020-06-05 10:30:25 [info_log] info: [0mGET /estimate.css [36m304[0m 2.139 ms - -[0m

2020-06-05 10:30:25 [info_log] info: [0mGET /register.css [36m304[0m 2.262 ms - -[0m

2020-06-05 10:30:25 [info_log] info: [0mGET /bundle.js.map [36m304[0m 0.503 ms - -[0m

2020-06-05 10:30:25 [info_log] info: [0mGET /bundle.js.map [36m304[0m 0.489 ms - -[0m

2020-06-05 10:30:25 [info_log] info: [0mGET / [36m304[0m 2.033 ms - -[0m

2020-06-05 10:30:25 [info_log] info: [0mGET /style.css [36m304[0m 0.806 ms - -[0m

2020-06-05 10:30:25 [info_log] info: [0mGET /bundle.js [32m200[0m 1.645 ms - 6514[0m

2020-06-05 10:30:25 [info_log] info: [0mGET /index.css [36m304[0m 2.114 ms - -[0m

2020-06-05 10:30:25 [info_log] info: [0mGET /reset.css [36m304[0m 1.893 ms - -[0m

2020-06-05 10:30:25 [info_log] info: [0mGET /estimate.css [36m304[0m 1.408 ms - -[0m

2020-06-05 10:30:25 [info_log] info: [0mGET /register.css [36m304[0m 1.665 ms - -[0m

2020-06-05 10:30:25 [info_log] info: [0mGET /bundle.js.map [32m200[0m 0.559 ms - 6060[0m

2020-06-05 10:30:25 [info_log] info: [0mGET / [36m304[0m 1.317 ms - -[0m

2020-06-05 10:30:25 [info_log] info: [0mGET /style.css [36m304[0m 0.587 ms - -[0m

2020-06-05 10:30:25 [info_log] info: [0mGET /bundle.js [32m200[0m 1.599 ms - 6524[0m

2020-06-05 10:30:25 [info_log] info: [0mGET /index.css [36m304[0m 1.618 ms - -[0m

2020-06-05 10:30:25 [info_log] info: [0mGET /reset.css [36m304[0m 1.548 ms - -[0m

2020-06-05 10:30:25 [info_log] info: [0mGET /estimate.css [36m304[0m 1.828 ms - -[0m

2020-06-05 10:30:25 [info_log] info: [0mGET /register.css [36m304[0m 1.794 ms - -[0m

2020-06-05 10:30:25 [info_log] info: [0mGET /bundle.js.map [32m200[0m 0.687 ms - 6076[0m

2020-06-05 10:30:25 [info_log] info: [0mGET / [36m304[0m 1.087 ms - -[0m

2020-06-05 10:30:25 [info_log] info: [0mGET /style.css [36m304[0m 0.608 ms - -[0m

2020-06-05 10:30:25 [info_log] info: [0mGET /bundle.js [36m304[0m 0.457 ms - -[0m

2020-06-05 10:30:25 [info_log] info: [0mGET /index.css [36m304[0m 1.148 ms - -[0m

2020-06-05 10:30:25 [info_log] info: [0mGET /reset.css [36m304[0m 1.087 ms - -[0m

2020-06-05 10:30:25 [info_log] info: [0mGET /estimate.css [36m304[0m 1.035 ms - -[0m

2020-06-05 10:30:25 [info_log] info: [0mGET /register.css [36m304[0m 0.990 ms - -[0m

2020-06-05 10:30:25 [info_log] info: [0mGET /bundle.js.map [36m304[0m 0.492 ms - -[0m

2020-06-05 10:30:25 [info_log] info: [0mGET / [36m304[0m 1.106 ms - -[0m

2020-06-05 10:30:25 [info_log] info: [0mGET /style.css [36m304[0m 0.909 ms - -[0m

2020-06-05 10:30:25 [info_log] info: [0mGET /bundle.js [36m304[0m 0.426 ms - -[0m

2020-06-05 10:30:25 [info_log] info: [0mGET /index.css [36m304[0m 1.476 ms - -[0m

2020-06-05 10:30:25 [info_log] info: [0mGET /reset.css [36m304[0m 1.409 ms - -[0m

2020-06-05 10:30:25 [info_log] info: [0mGET /estimate.css [36m304[0m 1.358 ms - -[0m

2020-06-05 10:30:25 [info_log] info: [0mGET /register.css [36m304[0m 1.649 ms - -[0m

2020-06-05 10:30:25 [info_log] info: [0mGET /bundle.js.map [36m304[0m 0.404 ms - -[0m

2020-06-05 10:30:25 [info_log] info: [0mGET / [36m304[0m 0.898 ms - -[0m

2020-06-05 10:30:25 [info_log] info: [0mGET /style.css [36m304[0m 0.601 ms - -[0m

2020-06-05 10:30:25 [info_log] info: [0mGET /bundle.js [32m200[0m 2.212 ms - 6524[0m

2020-06-05 10:30:25 [info_log] info: [0mGET /index.css [36m304[0m 1.980 ms - -[0m

2020-06-05 10:30:25 [info_log] info: [0mGET /reset.css [36m304[0m 1.909 ms - -[0m

2020-06-05 10:30:25 [info_log] info: [0mGET /estimate.css [36m304[0m 2.662 ms - -[0m

2020-06-05 10:30:25 [info_log] info: [0mGET /register.css [36m304[0m 2.695 ms - -[0m

2020-06-05 10:30:25 [info_log] info: [0mGET /bundle.js.map [32m200[0m 0.490 ms - 6076[0m

2020-06-05 10:30:25 [info_log] info: [0mGET /register_previous [36m304[0m 1.161 ms - -[0m

2020-06-05 10:30:25 [info_log] info: [0mGET /style.css [36m304[0m 0.594 ms - -[0m

2020-06-05 10:30:25 [info_log] info: [0mGET /bundle.js [36m304[0m 0.395 ms - -[0m

2020-06-05 10:30:25 [info_log] info: [0mGET /index.css [36m304[0m 2.260 ms - -[0m

2020-06-05 10:30:25 [info_log] info: [0mGET /reset.css [36m304[0m 2.656 ms - -[0m

2020-06-05 10:30:25 [info_log] info: [0mGET /estimate.css [36m304[0m 1.635 ms - -[0m

2020-06-05 10:30:25 [info_log] info: [0mGET /register.css [36m304[0m 2.010 ms - -[0m

2020-06-05 10:30:25 [info_log] info: [0mGET /bundle.js.map [36m304[0m 0.451 ms - -[0m

2020-06-05 10:30:25 [info_log] info: [0mGET /login [33m404[0m 1.041 ms - 21[0m

2020-06-05 10:30:25 [info_log] info: [0mGET /bundle.js.map [36m304[0m 0.429 ms - -[0m

2020-06-05 10:30:25 [info_log] info: [0mGET /bundle.js.map [36m304[0m 0.434 ms - -[0m

2020-06-05 10:30:25 [info_log] info: [0mGET / [36m304[0m 1.001 ms - -[0m

2020-06-05 10:30:25 [info_log] info: [0mGET /style.css [36m304[0m 1.075 ms - -[0m

2020-06-05 10:30:25 [info_log] info: [0mGET /bundle.js [32m200[0m 0.877 ms - 6276[0m

2020-06-05 10:30:25 [info_log] info: [0mGET /index.css [36m304[0m 2.193 ms - -[0m

2020-06-05 10:30:25 [info_log] info: [0mGET /reset.css [36m304[0m 2.554 ms - -[0m

2020-06-05 10:30:25 [info_log] info: [0mGET /estimate.css [36m304[0m 1.408 ms - -[0m

2020-06-05 10:30:25 [info_log] info: [0mGET /register.css [36m304[0m 1.367 ms - -[0m

2020-06-05 10:30:25 [info_log] info: [0mGET /bundle.js.map [32m200[0m 0.378 ms - 5812[0m

2020-06-05 10:30:25 [info_log] info: [0mGET / [36m304[0m 1.083 ms - -[0m

2020-06-05 10:30:25 [info_log] info: [0mGET /bundle.js [36m304[0m 0.482 ms - -[0m

2020-06-05 10:30:25 [info_log] info: [0mGET /style.css [36m304[0m 1.153 ms - -[0m

2020-06-05 10:30:25 [info_log] info: [0mGET /index.css [36m304[0m 0.499 ms - -[0m

2020-06-05 10:30:25 [info_log] info: [0mGET /reset.css [36m304[0m 1.440 ms - -[0m

2020-06-05 10:30:25 [info_log] info: [0mGET /estimate.css [36m304[0m 1.462 ms - -[0m

2020-06-05 10:30:25 [info_log] info: [0mGET /register.css [36m304[0m 1.377 ms - -[0m

2020-06-05 10:30:25 [info_log] info: [0mGET /bundle.js.map [36m304[0m 0.506 ms - -[0m

2020-06-05 10:30:25 [info_log] info: [0mGET / [36m304[0m 1.762 ms - -[0m

2020-06-05 10:30:25 [info_log] info: [0mGET /style.css [36m304[0m 0.764 ms - -[0m

2020-06-05 10:30:25 [info_log] info: [0mGET /bundle.js [32m200[0m 3.393 ms - 6544[0m

2020-06-05 10:30:25 [info_log] info: [0mGET /index.css [36m304[0m 1.797 ms - -[0m

2020-06-05 10:30:25 [info_log] info: [0mGET /reset.css [36m304[0m 2.264 ms - -[0m

2020-06-05 10:30:25 [info_log] info: [0mGET /estimate.css [36m304[0m 2.668 ms - -[0m

2020-06-05 10:30:25 [info_log] info: [0mGET /register.css [36m304[0m 2.617 ms - -[0m

2020-06-05 10:30:25 [info_log] info: [0mGET /bundle.js.map [32m200[0m 0.503 ms - 6108[0m

2020-06-05 10:30:25 [info_log] info: [0mGET / [36m304[0m 0.910 ms - -[0m

2020-06-05 10:30:25 [info_log] info: [0mGET /style.css [36m304[0m 0.848 ms - -[0m

2020-06-05 10:30:25 [info_log] info: [0mGET /bundle.js [32m200[0m 0.520 ms - 6445[0m

2020-06-05 10:30:25 [info_log] info: [0mGET /index.css [36m304[0m 1.486 ms - -[0m

2020-06-05 10:30:25 [info_log] info: [0mGET /reset.css [36m304[0m 1.885 ms - -[0m

2020-06-05 10:30:25 [info_log] info: [0mGET /estimate.css [36m304[0m 1.516 ms - -[0m

2020-06-05 10:30:25 [info_log] info: [0mGET /register.css [36m304[0m 1.455 ms - -[0m

2020-06-05 10:30:25 [info_log] info: [0mGET /bundle.js.map [32m200[0m 0.343 ms - 5970[0m

2020-06-05 10:30:25 [info_log] info: [0mGET / [36m304[0m 0.908 ms - -[0m

2020-06-05 10:30:25 [info_log] info: [0mGET /style.css [36m304[0m 1.040 ms - -[0m

2020-06-05 10:30:25 [info_log] info: [0mGET /bundle.js [32m200[0m 0.544 ms - 6435[0m

2020-06-05 10:30:25 [info_log] info: [0mGET /index.css [36m304[0m 1.490 ms - -[0m

2020-06-05 10:30:25 [info_log] info: [0mGET /reset.css [36m304[0m 1.963 ms - -[0m

2020-06-05 10:30:25 [info_log] info: [0mGET /estimate.css [36m304[0m 1.890 ms - -[0m

2020-06-05 10:30:25 [info_log] info: [0mGET /register.css [36m304[0m 2.106 ms - -[0m

2020-06-05 10:30:25 [info_log] info: [0mGET /bundle.js.map [32m200[0m 0.539 ms - 5954[0m

2020-06-05 10:30:25 [info_log] info: [0mGET /estimate [36m304[0m 1.947 ms - -[0m

2020-06-05 10:30:25 [info_log] info: [0mGET /style.css [36m304[0m 0.506 ms - -[0m

2020-06-05 10:30:25 [info_log] info: [0mGET /bundle.js [36m304[0m 0.366 ms - -[0m

2020-06-05 10:30:25 [info_log] info: [0mGET /index.css [36m304[0m 3.514 ms - -[0m

2020-06-05 10:30:25 [info_log] info: [0mGET /reset.css [36m304[0m 1.485 ms - -[0m

2020-06-05 10:30:25 [info_log] info: [0mGET /estimate.css [36m304[0m 1.861 ms - -[0m

2020-06-05 10:30:25 [info_log] info: [0mGET /register.css [36m304[0m 1.748 ms - -[0m

2020-06-05 10:30:25 [info_log] info: [0mGET /bundle.js.map [36m304[0m 0.369 ms - -[0m

2020-06-05 10:30:25 [info_log] info: [0mGET /bundle.js.map [36m304[0m 0.388 ms - -[0m

2020-06-05 10:30:25 [info_log] info: [0mGET / [36m304[0m 0.975 ms - -[0m

2020-06-05 10:30:25 [info_log] info: [0mGET /style.css [36m304[0m 0.594 ms - -[0m

2020-06-05 10:30:25 [info_log] info: [0mGET /bundle.js [36m304[0m 0.441 ms - -[0m

2020-06-05 10:30:25 [info_log] info: [0mGET /index.css [36m304[0m 4.553 ms - -[0m

2020-06-05 10:30:25 [info_log] info: [0mGET /reset.css [36m304[0m 2.625 ms - -[0m

2020-06-05 10:30:25 [info_log] info: [0mGET /estimate.css [36m304[0m 2.125 ms - -[0m

2020-06-05 10:30:25 [info_log] info: [0mGET /register.css [36m304[0m 2.062 ms - -[0m

2020-06-05 10:30:25 [info_log] info: [0mGET /bundle.js.map [36m304[0m 0.359 ms - -[0m

2020-06-05 10:30:25 [info_log] info: [0mGET / [36m304[0m 0.975 ms - -[0m

2020-06-05 10:30:25 [info_log] info: [0mGET /bundle.js [36m304[0m 0.568 ms - -[0m

2020-06-05 10:30:25 [info_log] info: [0mGET /style.css [36m304[0m 1.193 ms - -[0m

2020-06-05 10:30:25 [info_log] info: [0mGET /index.css [36m304[0m 1.159 ms - -[0m

2020-06-05 10:30:25 [info_log] info: [0mGET /reset.css [36m304[0m 1.573 ms - -[0m

2020-06-05 10:30:25 [info_log] info: [0mGET /estimate.css [36m304[0m 1.607 ms - -[0m

2020-06-05 10:30:25 [info_log] info: [0mGET /register.css [36m304[0m 1.611 ms - -[0m

2020-06-05 10:30:25 [info_log] info: [0mGET /bundle.js.map [36m304[0m 0.477 ms - -[0m

2020-06-05 10:35:08 [info_log] info: [0mGET / [36m304[0m 6.733 ms - -[0m

2020-06-05 10:35:08 [info_log] info: [0mGET /style.css [36m304[0m 1.964 ms - -[0m

2020-06-05 10:35:08 [info_log] info: [0mGET /bundle.js [36m304[0m 1.155 ms - -[0m

2020-06-05 10:35:08 [info_log] info: [0mGET /index.css [36m304[0m 1.966 ms - -[0m

2020-06-05 10:35:08 [info_log] info: [0mGET /reset.css [36m304[0m 2.240 ms - -[0m

2020-06-05 10:35:08 [info_log] info: [0mGET /estimate.css [36m304[0m 1.690 ms - -[0m

2020-06-05 10:35:08 [info_log] info: [0mGET /register.css [36m304[0m 2.271 ms - -[0m

2020-06-05 10:35:08 [info_log] info: [0mGET /bundle.js.map [36m304[0m 0.373 ms - -[0m

